<?xml version="1.0" encoding="UTF-8"?>
<testsuite xmlns:xsi="http://www.w3.org/2001/XMLSchema-instance" xsi:schemaLocation="https://maven.apache.org/surefire/maven-surefire-plugin/xsd/surefire-test-report.xsd" name="com.testing.RunnerTest" time="1.637" tests="4" errors="0" skipped="0" failures="0">
  <properties>
[...]
</properties>
  <testcase name="Given Input file has valid data" classname="Scenario: Sort String" time="0.004"/>
  <testcase name="When I do sorting" classname="Scenario: Sort String" time="0"/>
  <testcase name="Then I values has to be sorted" classname="Scenario: Sort String" time="0.003"/>
  <testcase name="Scenario: Sort String" classname="Scenario: Sort String" time="0.003"/>
</testsuite>